<?xml version="1.0" encoding="UTF-8"?>
<!-- Generated by org.testng.reporters.JUnitXMLReporter -->
<testsuite ignored="0" hostname="DESKTOP-4BNDCLB" failures="1" tests="1" name="Test" time="23.102" errors="0" timestamp="2023-11-05T15:28:56 EST">
  <testcase classname="io.cucumber.testng.AbstractTestNGCucumberTests" name="runScenario" time="22.273">
    <failure type="java.lang.ClassCastException" message="class TestRunner.TestNG_Runner cannot be cast to class Utilities.baseClass (TestRunner.TestNG_Runner and Utilities.baseClass are in unnamed module of loader &amp;apos;app&amp;apos;)">
      <![CDATA[java.lang.ClassCastException: class TestRunner.TestNG_Runner cannot be cast to class Utilities.baseClass (TestRunner.TestNG_Runner and Utilities.baseClass are in unnamed module of loader 'app')
at ListenersPack.TestListeners.onTestSuccess(TestListeners.java:49)
at java.base/java.util.ArrayList.forEach(ArrayList.java:1511)
... Removed 24 stack frames]]>
    </failure>
  </testcase> <!-- runScenario -->
</testsuite> <!-- Test -->
